Performing C SOURCE FILE Test CMAKE_HAVE_LIBC_PTHREAD failed with the following output:
Change Dir: /home/dashingzombie/catkin_ws/build/j2s7s300_ikfast/CMakeFiles/CMakeTmp

Run Build Command(s):/usr/bin/make cmTC_a5dbb/fast && /usr/bin/make -f CMakeFiles/cmTC_a5dbb.dir/build.make CMakeFiles/cmTC_a5dbb.dir/build
make[1]: Entering directory '/home/dashingzombie/catkin_ws/build/j2s7s300_ikfast/CMakeFiles/CMakeTmp'
Building C object CMakeFiles/cmTC_a5dbb.dir/src.c.o
/usr/bin/cc   -DCMAKE_HAVE_LIBC_PTHREAD   -o CMakeFiles/cmTC_a5dbb.dir/src.c.o   -c /home/dashingzombie/catkin_ws/build/j2s7s300_ikfast/CMakeFiles/CMakeTmp/src.c
Linking C executable cmTC_a5dbb
/usr/bin/cmake -E cmake_link_script CMakeFiles/cmTC_a5dbb.dir/link.txt --verbose=1
/usr/bin/cc  -DCMAKE_HAVE_LIBC_PTHREAD    -rdynamic CMakeFiles/cmTC_a5dbb.dir/src.c.o  -o cmTC_a5dbb 
/usr/bin/ld: CMakeFiles/cmTC_a5dbb.dir/src.c.o: in function `main':
src.c:(.text+0x46): undefined reference to `pthread_create'
/usr/bin/ld: src.c:(.text+0x52): undefined reference to `pthread_detach'
/usr/bin/ld: src.c:(.text+0x63): undefined reference to `pthread_join'
collect2: error: ld returned 1 exit status
make[1]: *** [CMakeFiles/cmTC_a5dbb.dir/build.make:87: cmTC_a5dbb] Error 1
make[1]: Leaving directory '/home/dashingzombie/catkin_ws/build/j2s7s300_ikfast/CMakeFiles/CMakeTmp'
make: *** [Makefile:121: cmTC_a5dbb/fast] Error 2


Source file was:
#include <pthread.h>

void* test_func(void* data)
{
  return data;
}

int main(void)
{
  pthread_t thread;
  pthread_create(&thread, NULL, test_func, NULL);
  pthread_detach(thread);
  pthread_join(thread, NULL);
  pthread_atfork(NULL, NULL, NULL);
  pthread_exit(NULL);

  return 0;
}

Determining if the function pthread_create exists in the pthreads failed with the following output:
Change Dir: /home/dashingzombie/catkin_ws/build/j2s7s300_ikfast/CMakeFiles/CMakeTmp

Run Build Command(s):/usr/bin/make cmTC_8b34e/fast && /usr/bin/make -f CMakeFiles/cmTC_8b34e.dir/build.make CMakeFiles/cmTC_8b34e.dir/build
make[1]: Entering directory '/home/dashingzombie/catkin_ws/build/j2s7s300_ikfast/CMakeFiles/CMakeTmp'
Building C object CMakeFiles/cmTC_8b34e.dir/CheckFunctionExists.c.o
/usr/bin/cc   -DCHECK_FUNCTION_EXISTS=pthread_create   -o CMakeFiles/cmTC_8b34e.dir/CheckFunctionExists.c.o   -c /usr/share/cmake-3.16/Modules/CheckFunctionExists.c
Linking C executable cmTC_8b34e
/usr/bin/cmake -E cmake_link_script CMakeFiles/cmTC_8b34e.dir/link.txt --verbose=1
/usr/bin/cc  -DCHECK_FUNCTION_EXISTS=pthread_create    -rdynamic CMakeFiles/cmTC_8b34e.dir/CheckFunctionExists.c.o  -o cmTC_8b34e  -lpthreads 
/usr/bin/ld: cannot find -lpthreads
collect2: error: ld returned 1 exit status
make[1]: *** [CMakeFiles/cmTC_8b34e.dir/build.make:87: cmTC_8b34e] Error 1
make[1]: Leaving directory '/home/dashingzombie/catkin_ws/build/j2s7s300_ikfast/CMakeFiles/CMakeTmp'
make: *** [Makefile:121: cmTC_8b34e/fast] Error 2



Determining if the function sgemm_ exists failed with the following output:
Change Dir: /home/dashingzombie/catkin_ws/build/j2s7s300_ikfast/CMakeFiles/CMakeTmp

Run Build Command(s):/usr/bin/make cmTC_ff701/fast && /usr/bin/make -f CMakeFiles/cmTC_ff701.dir/build.make CMakeFiles/cmTC_ff701.dir/build
make[1]: Entering directory '/home/dashingzombie/catkin_ws/build/j2s7s300_ikfast/CMakeFiles/CMakeTmp'
Building C object CMakeFiles/cmTC_ff701.dir/CheckFunctionExists.c.o
/usr/bin/cc   -DCHECK_FUNCTION_EXISTS=sgemm_   -o CMakeFiles/cmTC_ff701.dir/CheckFunctionExists.c.o   -c /usr/share/cmake-3.16/Modules/CheckFunctionExists.c
Linking C executable cmTC_ff701
/usr/bin/cmake -E cmake_link_script CMakeFiles/cmTC_ff701.dir/link.txt --verbose=1
/usr/bin/cc  -DCHECK_FUNCTION_EXISTS=sgemm_    -rdynamic CMakeFiles/cmTC_ff701.dir/CheckFunctionExists.c.o  -o cmTC_ff701 
/usr/bin/ld: CMakeFiles/cmTC_ff701.dir/CheckFunctionExists.c.o: in function `main':
CheckFunctionExists.c:(.text+0x14): undefined reference to `sgemm_'
collect2: error: ld returned 1 exit status
make[1]: *** [CMakeFiles/cmTC_ff701.dir/build.make:87: cmTC_ff701] Error 1
make[1]: Leaving directory '/home/dashingzombie/catkin_ws/build/j2s7s300_ikfast/CMakeFiles/CMakeTmp'
make: *** [Makefile:121: cmTC_ff701/fast] Error 2



Determining if the function cheev_ exists failed with the following output:
Change Dir: /home/dashingzombie/catkin_ws/build/j2s7s300_ikfast/CMakeFiles/CMakeTmp

Run Build Command(s):/usr/bin/make cmTC_6d1d5/fast && /usr/bin/make -f CMakeFiles/cmTC_6d1d5.dir/build.make CMakeFiles/cmTC_6d1d5.dir/build
make[1]: Entering directory '/home/dashingzombie/catkin_ws/build/j2s7s300_ikfast/CMakeFiles/CMakeTmp'
Building C object CMakeFiles/cmTC_6d1d5.dir/CheckFunctionExists.c.o
/usr/bin/cc   -DCHECK_FUNCTION_EXISTS=cheev_   -o CMakeFiles/cmTC_6d1d5.dir/CheckFunctionExists.c.o   -c /usr/share/cmake-3.16/Modules/CheckFunctionExists.c
Linking C executable cmTC_6d1d5
/usr/bin/cmake -E cmake_link_script CMakeFiles/cmTC_6d1d5.dir/link.txt --verbose=1
/usr/bin/cc  -DCHECK_FUNCTION_EXISTS=cheev_    -rdynamic CMakeFiles/cmTC_6d1d5.dir/CheckFunctionExists.c.o  -o cmTC_6d1d5  /usr/lib/x86_64-linux-gnu/libblas.so 
/usr/bin/ld: CMakeFiles/cmTC_6d1d5.dir/CheckFunctionExists.c.o: in function `main':
CheckFunctionExists.c:(.text+0x14): undefined reference to `cheev_'
collect2: error: ld returned 1 exit status
make[1]: *** [CMakeFiles/cmTC_6d1d5.dir/build.make:88: cmTC_6d1d5] Error 1
make[1]: Leaving directory '/home/dashingzombie/catkin_ws/build/j2s7s300_ikfast/CMakeFiles/CMakeTmp'
make: *** [Makefile:121: cmTC_6d1d5/fast] Error 2



