Linked: (/home/dashingzombie/catkin_ws/devel/.private/kinova_optimization/include/kinova_optimization/IKSolutionRequest.h, /home/dashingzombie/catkin_ws/devel/include/kinova_optimization/IKSolutionRequest.h)
Linked: (/home/dashingzombie/catkin_ws/devel/.private/kinova_optimization/include/kinova_optimization/RelaxedIKSolution.h, /home/dashingzombie/catkin_ws/devel/include/kinova_optimization/RelaxedIKSolution.h)
Linked: (/home/dashingzombie/catkin_ws/devel/.private/kinova_optimization/include/kinova_optimization/RelaxedIKSolutionRequest.h, /home/dashingzombie/catkin_ws/devel/include/kinova_optimization/RelaxedIKSolutionRequest.h)
Linked: (/home/dashingzombie/catkin_ws/devel/.private/kinova_optimization/include/kinova_optimization/IKSolutionResponse.h, /home/dashingzombie/catkin_ws/devel/include/kinova_optimization/IKSolutionResponse.h)
Linked: (/home/dashingzombie/catkin_ws/devel/.private/kinova_optimization/include/kinova_optimization/RelaxedIKSolutionResponse.h, /home/dashingzombie/catkin_ws/devel/include/kinova_optimization/RelaxedIKSolutionResponse.h)
Linked: (/home/dashingzombie/catkin_ws/devel/.private/kinova_optimization/include/kinova_optimization/EEPoseGoals.h, /home/dashingzombie/catkin_ws/devel/include/kinova_optimization/EEPoseGoals.h)
Linked: (/home/dashingzombie/catkin_ws/devel/.private/kinova_optimization/include/kinova_optimization/IKSolution.h, /home/dashingzombie/catkin_ws/devel/include/kinova_optimization/IKSolution.h)
Linked: (/home/dashingzombie/catkin_ws/devel/.private/kinova_optimization/include/kinova_optimization/SelfCollisionQuery.h, /home/dashingzombie/catkin_ws/devel/include/kinova_optimization/SelfCollisionQuery.h)
Linked: (/home/dashingzombie/catkin_ws/devel/.private/kinova_optimization/include/kinova_optimization/JointAngles.h, /home/dashingzombie/catkin_ws/devel/include/kinova_optimization/JointAngles.h)
Linked: (/home/dashingzombie/catkin_ws/devel/.private/kinova_optimization/include/kinova_optimization/SelfCollisionQueryResponse.h, /home/dashingzombie/catkin_ws/devel/include/kinova_optimization/SelfCollisionQueryResponse.h)
Linked: (/home/dashingzombie/catkin_ws/devel/.private/kinova_optimization/include/kinova_optimization/SelfCollisionQueryRequest.h, /home/dashingzombie/catkin_ws/devel/include/kinova_optimization/SelfCollisionQueryRequest.h)
Linked: (/home/dashingzombie/catkin_ws/devel/.private/kinova_optimization/share/gennodejs/ros/kinova_optimization/_index.js, /home/dashingzombie/catkin_ws/devel/share/gennodejs/ros/kinova_optimization/_index.js)
Linked: (/home/dashingzombie/catkin_ws/devel/.private/kinova_optimization/share/gennodejs/ros/kinova_optimization/msg/_index.js, /home/dashingzombie/catkin_ws/devel/share/gennodejs/ros/kinova_optimization/msg/_index.js)
Linked: (/home/dashingzombie/catkin_ws/devel/.private/kinova_optimization/share/gennodejs/ros/kinova_optimization/msg/JointAngles.js, /home/dashingzombie/catkin_ws/devel/share/gennodejs/ros/kinova_optimization/msg/JointAngles.js)
Linked: (/home/dashingzombie/catkin_ws/devel/.private/kinova_optimization/share/gennodejs/ros/kinova_optimization/msg/EEPoseGoals.js, /home/dashingzombie/catkin_ws/devel/share/gennodejs/ros/kinova_optimization/msg/EEPoseGoals.js)
Linked: (/home/dashingzombie/catkin_ws/devel/.private/kinova_optimization/share/gennodejs/ros/kinova_optimization/srv/_index.js, /home/dashingzombie/catkin_ws/devel/share/gennodejs/ros/kinova_optimization/srv/_index.js)
Linked: (/home/dashingzombie/catkin_ws/devel/.private/kinova_optimization/share/gennodejs/ros/kinova_optimization/srv/IKSolution.js, /home/dashingzombie/catkin_ws/devel/share/gennodejs/ros/kinova_optimization/srv/IKSolution.js)
Linked: (/home/dashingzombie/catkin_ws/devel/.private/kinova_optimization/share/gennodejs/ros/kinova_optimization/srv/SelfCollisionQuery.js, /home/dashingzombie/catkin_ws/devel/share/gennodejs/ros/kinova_optimization/srv/SelfCollisionQuery.js)
Linked: (/home/dashingzombie/catkin_ws/devel/.private/kinova_optimization/share/gennodejs/ros/kinova_optimization/srv/RelaxedIKSolution.js, /home/dashingzombie/catkin_ws/devel/share/gennodejs/ros/kinova_optimization/srv/RelaxedIKSolution.js)
Linked: (/home/dashingzombie/catkin_ws/devel/.private/kinova_optimization/share/roseus/ros/kinova_optimization/manifest.l, /home/dashingzombie/catkin_ws/devel/share/roseus/ros/kinova_optimization/manifest.l)
Linked: (/home/dashingzombie/catkin_ws/devel/.private/kinova_optimization/share/roseus/ros/kinova_optimization/msg/JointAngles.l, /home/dashingzombie/catkin_ws/devel/share/roseus/ros/kinova_optimization/msg/JointAngles.l)
Linked: (/home/dashingzombie/catkin_ws/devel/.private/kinova_optimization/share/roseus/ros/kinova_optimization/msg/EEPoseGoals.l, /home/dashingzombie/catkin_ws/devel/share/roseus/ros/kinova_optimization/msg/EEPoseGoals.l)
Linked: (/home/dashingzombie/catkin_ws/devel/.private/kinova_optimization/share/roseus/ros/kinova_optimization/srv/RelaxedIKSolution.l, /home/dashingzombie/catkin_ws/devel/share/roseus/ros/kinova_optimization/srv/RelaxedIKSolution.l)
Linked: (/home/dashingzombie/catkin_ws/devel/.private/kinova_optimization/share/roseus/ros/kinova_optimization/srv/IKSolution.l, /home/dashingzombie/catkin_ws/devel/share/roseus/ros/kinova_optimization/srv/IKSolution.l)
Linked: (/home/dashingzombie/catkin_ws/devel/.private/kinova_optimization/share/roseus/ros/kinova_optimization/srv/SelfCollisionQuery.l, /home/dashingzombie/catkin_ws/devel/share/roseus/ros/kinova_optimization/srv/SelfCollisionQuery.l)
Linked: (/home/dashingzombie/catkin_ws/devel/.private/kinova_optimization/share/common-lisp/ros/kinova_optimization/msg/kinova_optimization-msg.asd, /home/dashingzombie/catkin_ws/devel/share/common-lisp/ros/kinova_optimization/msg/kinova_optimization-msg.asd)
Linked: (/home/dashingzombie/catkin_ws/devel/.private/kinova_optimization/share/common-lisp/ros/kinova_optimization/msg/EEPoseGoals.lisp, /home/dashingzombie/catkin_ws/devel/share/common-lisp/ros/kinova_optimization/msg/EEPoseGoals.lisp)
Linked: (/home/dashingzombie/catkin_ws/devel/.private/kinova_optimization/share/common-lisp/ros/kinova_optimization/msg/_package_EEPoseGoals.lisp, /home/dashingzombie/catkin_ws/devel/share/common-lisp/ros/kinova_optimization/msg/_package_EEPoseGoals.lisp)
Linked: (/home/dashingzombie/catkin_ws/devel/.private/kinova_optimization/share/common-lisp/ros/kinova_optimization/msg/_package_JointAngles.lisp, /home/dashingzombie/catkin_ws/devel/share/common-lisp/ros/kinova_optimization/msg/_package_JointAngles.lisp)
Linked: (/home/dashingzombie/catkin_ws/devel/.private/kinova_optimization/share/common-lisp/ros/kinova_optimization/msg/_package.lisp, /home/dashingzombie/catkin_ws/devel/share/common-lisp/ros/kinova_optimization/msg/_package.lisp)
Linked: (/home/dashingzombie/catkin_ws/devel/.private/kinova_optimization/share/common-lisp/ros/kinova_optimization/msg/JointAngles.lisp, /home/dashingzombie/catkin_ws/devel/share/common-lisp/ros/kinova_optimization/msg/JointAngles.lisp)
Linked: (/home/dashingzombie/catkin_ws/devel/.private/kinova_optimization/share/common-lisp/ros/kinova_optimization/srv/RelaxedIKSolution.lisp, /home/dashingzombie/catkin_ws/devel/share/common-lisp/ros/kinova_optimization/srv/RelaxedIKSolution.lisp)
Linked: (/home/dashingzombie/catkin_ws/devel/.private/kinova_optimization/share/common-lisp/ros/kinova_optimization/srv/kinova_optimization-srv.asd, /home/dashingzombie/catkin_ws/devel/share/common-lisp/ros/kinova_optimization/srv/kinova_optimization-srv.asd)
Linked: (/home/dashingzombie/catkin_ws/devel/.private/kinova_optimization/share/common-lisp/ros/kinova_optimization/srv/_package_SelfCollisionQuery.lisp, /home/dashingzombie/catkin_ws/devel/share/common-lisp/ros/kinova_optimization/srv/_package_SelfCollisionQuery.lisp)
Linked: (/home/dashingzombie/catkin_ws/devel/.private/kinova_optimization/share/common-lisp/ros/kinova_optimization/srv/_package_RelaxedIKSolution.lisp, /home/dashingzombie/catkin_ws/devel/share/common-lisp/ros/kinova_optimization/srv/_package_RelaxedIKSolution.lisp)
Linked: (/home/dashingzombie/catkin_ws/devel/.private/kinova_optimization/share/common-lisp/ros/kinova_optimization/srv/SelfCollisionQuery.lisp, /home/dashingzombie/catkin_ws/devel/share/common-lisp/ros/kinova_optimization/srv/SelfCollisionQuery.lisp)
Linked: (/home/dashingzombie/catkin_ws/devel/.private/kinova_optimization/share/common-lisp/ros/kinova_optimization/srv/_package.lisp, /home/dashingzombie/catkin_ws/devel/share/common-lisp/ros/kinova_optimization/srv/_package.lisp)
Linked: (/home/dashingzombie/catkin_ws/devel/.private/kinova_optimization/share/common-lisp/ros/kinova_optimization/srv/IKSolution.lisp, /home/dashingzombie/catkin_ws/devel/share/common-lisp/ros/kinova_optimization/srv/IKSolution.lisp)
Linked: (/home/dashingzombie/catkin_ws/devel/.private/kinova_optimization/share/common-lisp/ros/kinova_optimization/srv/_package_IKSolution.lisp, /home/dashingzombie/catkin_ws/devel/share/common-lisp/ros/kinova_optimization/srv/_package_IKSolution.lisp)
Linked: (/home/dashingzombie/catkin_ws/devel/.private/kinova_optimization/share/kinova_optimization/cmake/kinova_optimization-msg-extras.cmake, /home/dashingzombie/catkin_ws/devel/share/kinova_optimization/cmake/kinova_optimization-msg-extras.cmake)
Linked: (/home/dashingzombie/catkin_ws/devel/.private/kinova_optimization/share/kinova_optimization/cmake/kinova_optimizationConfig.cmake, /home/dashingzombie/catkin_ws/devel/share/kinova_optimization/cmake/kinova_optimizationConfig.cmake)
Linked: (/home/dashingzombie/catkin_ws/devel/.private/kinova_optimization/share/kinova_optimization/cmake/kinova_optimization-msg-paths.cmake, /home/dashingzombie/catkin_ws/devel/share/kinova_optimization/cmake/kinova_optimization-msg-paths.cmake)
Linked: (/home/dashingzombie/catkin_ws/devel/.private/kinova_optimization/share/kinova_optimization/cmake/kinova_optimizationConfig-version.cmake, /home/dashingzombie/catkin_ws/devel/share/kinova_optimization/cmake/kinova_optimizationConfig-version.cmake)
Linked: (/home/dashingzombie/catkin_ws/devel/.private/kinova_optimization/lib/python3/dist-packages/kinova_optimization/__init__.py, /home/dashingzombie/catkin_ws/devel/lib/python3/dist-packages/kinova_optimization/__init__.py)
Linked: (/home/dashingzombie/catkin_ws/devel/.private/kinova_optimization/lib/python3/dist-packages/kinova_optimization/msg/_JointAngles.py, /home/dashingzombie/catkin_ws/devel/lib/python3/dist-packages/kinova_optimization/msg/_JointAngles.py)
Linked: (/home/dashingzombie/catkin_ws/devel/.private/kinova_optimization/lib/python3/dist-packages/kinova_optimization/msg/_EEPoseGoals.py, /home/dashingzombie/catkin_ws/devel/lib/python3/dist-packages/kinova_optimization/msg/_EEPoseGoals.py)
Linked: (/home/dashingzombie/catkin_ws/devel/.private/kinova_optimization/lib/python3/dist-packages/kinova_optimization/msg/__init__.py, /home/dashingzombie/catkin_ws/devel/lib/python3/dist-packages/kinova_optimization/msg/__init__.py)
Linked: (/home/dashingzombie/catkin_ws/devel/.private/kinova_optimization/lib/python3/dist-packages/kinova_optimization/srv/_IKSolution.py, /home/dashingzombie/catkin_ws/devel/lib/python3/dist-packages/kinova_optimization/srv/_IKSolution.py)
Linked: (/home/dashingzombie/catkin_ws/devel/.private/kinova_optimization/lib/python3/dist-packages/kinova_optimization/srv/_RelaxedIKSolution.py, /home/dashingzombie/catkin_ws/devel/lib/python3/dist-packages/kinova_optimization/srv/_RelaxedIKSolution.py)
Linked: (/home/dashingzombie/catkin_ws/devel/.private/kinova_optimization/lib/python3/dist-packages/kinova_optimization/srv/__init__.py, /home/dashingzombie/catkin_ws/devel/lib/python3/dist-packages/kinova_optimization/srv/__init__.py)
Linked: (/home/dashingzombie/catkin_ws/devel/.private/kinova_optimization/lib/python3/dist-packages/kinova_optimization/srv/_SelfCollisionQuery.py, /home/dashingzombie/catkin_ws/devel/lib/python3/dist-packages/kinova_optimization/srv/_SelfCollisionQuery.py)
Linked: (/home/dashingzombie/catkin_ws/devel/.private/kinova_optimization/lib/pkgconfig/kinova_optimization.pc, /home/dashingzombie/catkin_ws/devel/lib/pkgconfig/kinova_optimization.pc)
