[35m[1mScanning dependencies of target _kinova_optimization_generate_messages_check_deps_RelaxedIKSolution[0m
[35m[1mScanning dependencies of target visualization_msgs_generate_messages_eus[0m
[35m[1mScanning dependencies of target std_msgs_generate_messages_eus[0m
[35m[1mScanning dependencies of target _kinova_optimization_generate_messages_check_deps_EEPoseGoals[0m
[35m[1mScanning dependencies of target geometry_msgs_generate_messages_eus[0m
[35m[1mScanning dependencies of target _kinova_optimization_generate_messages_check_deps_IKSolution[0m
[35m[1mScanning dependencies of target _kinova_optimization_generate_messages_check_deps_SelfCollisionQuery[0m
[35m[1mScanning dependencies of target _kinova_optimization_generate_messages_check_deps_JointAngles[0m
[  0%] Built target geometry_msgs_generate_messages_eus
[  0%] Built target visualization_msgs_generate_messages_eus
[  0%] Built target std_msgs_generate_messages_eus
[35m[1mScanning dependencies of target std_msgs_generate_messages_py[0m
[35m[1mScanning dependencies of target geometry_msgs_generate_messages_py[0m
[  0%] Built target std_msgs_generate_messages_py
[35m[1mScanning dependencies of target visualization_msgs_generate_messages_py[0m
[  0%] Built target geometry_msgs_generate_messages_py
[  0%] Built target visualization_msgs_generate_messages_py
[  0%] Built target _kinova_optimization_generate_messages_check_deps_SelfCollisionQuery
[  0%] Built target _kinova_optimization_generate_messages_check_deps_RelaxedIKSolution
[  0%] Built target _kinova_optimization_generate_messages_check_deps_IKSolution
[35m[1mScanning dependencies of target geometry_msgs_generate_messages_lisp[0m
[  0%] Built target _kinova_optimization_generate_messages_check_deps_EEPoseGoals
[  0%] Built target _kinova_optimization_generate_messages_check_deps_JointAngles
[35m[1mScanning dependencies of target visualization_msgs_generate_messages_lisp[0m
[35m[1mScanning dependencies of target std_msgs_generate_messages_nodejs[0m
[35m[1mScanning dependencies of target std_msgs_generate_messages_lisp[0m
[35m[1mScanning dependencies of target visualization_msgs_generate_messages_nodejs[0m
[35m[1mScanning dependencies of target visualization_msgs_generate_messages_cpp[0m
[  0%] Built target geometry_msgs_generate_messages_lisp
[  0%] Built target visualization_msgs_generate_messages_lisp
[35m[1mScanning dependencies of target std_msgs_generate_messages_cpp[0m
[35m[1mScanning dependencies of target geometry_msgs_generate_messages_nodejs[0m
[  0%] Built target std_msgs_generate_messages_nodejs
[  0%] Built target visualization_msgs_generate_messages_cpp
[  0%] Built target std_msgs_generate_messages_lisp
[  0%] Built target visualization_msgs_generate_messages_nodejs
[  0%] Built target std_msgs_generate_messages_cpp
[35m[1mScanning dependencies of target kinova_optimization_generate_messages_eus[0m
[35m[1mScanning dependencies of target geometry_msgs_generate_messages_cpp[0m
[  0%] Built target geometry_msgs_generate_messages_nodejs
[35m[1mScanning dependencies of target kinova_optimization_generate_messages_py[0m
[35m[1mScanning dependencies of target kinova_optimization_generate_messages_lisp[0m
[  3%] [34m[1mGenerating EusLisp code from kinova_optimization/EEPoseGoals.msg[0m
[  7%] [34m[1mGenerating EusLisp code from kinova_optimization/JointAngles.msg[0m
[ 10%] [34m[1mGenerating EusLisp code from kinova_optimization/RelaxedIKSolution.srv[0m
[ 14%] [34m[1mGenerating EusLisp code from kinova_optimization/IKSolution.srv[0m
[ 14%] Built target geometry_msgs_generate_messages_cpp
[ 17%] [34m[1mGenerating Lisp code from kinova_optimization/EEPoseGoals.msg[0m
[ 21%] [34m[1mGenerating Python from MSG kinova_optimization/EEPoseGoals[0m
[ 25%] [34m[1mGenerating EusLisp code from kinova_optimization/SelfCollisionQuery.srv[0m
[35m[1mScanning dependencies of target kinova_optimization_generate_messages_nodejs[0m
[ 28%] [34m[1mGenerating Javascript code from kinova_optimization/EEPoseGoals.msg[0m
[ 32%] [34m[1mGenerating Lisp code from kinova_optimization/JointAngles.msg[0m
[ 35%] [34m[1mGenerating Javascript code from kinova_optimization/JointAngles.msg[0m
[ 39%] [34m[1mGenerating Lisp code from kinova_optimization/RelaxedIKSolution.srv[0m
[ 42%] [34m[1mGenerating Javascript code from kinova_optimization/RelaxedIKSolution.srv[0m
[ 46%] [34m[1mGenerating EusLisp manifest code for kinova_optimization[0m
[ 50%] [34m[1mGenerating Javascript code from kinova_optimization/IKSolution.srv[0m
[ 53%] [34m[1mGenerating Javascript code from kinova_optimization/SelfCollisionQuery.srv[0m
[ 57%] [34m[1mGenerating Lisp code from kinova_optimization/IKSolution.srv[0m
[ 60%] [34m[1mGenerating Lisp code from kinova_optimization/SelfCollisionQuery.srv[0m
[ 64%] [34m[1mGenerating Python from MSG kinova_optimization/JointAngles[0m
[35m[1mScanning dependencies of target kinova_optimization_generate_messages_cpp[0m
[ 67%] [34m[1mGenerating C++ code from kinova_optimization/EEPoseGoals.msg[0m
[ 71%] [34m[1mGenerating C++ code from kinova_optimization/JointAngles.msg[0m
[ 75%] [34m[1mGenerating C++ code from kinova_optimization/RelaxedIKSolution.srv[0m
[ 75%] Built target kinova_optimization_generate_messages_nodejs
[ 78%] [34m[1mGenerating C++ code from kinova_optimization/IKSolution.srv[0m
[ 78%] Built target kinova_optimization_generate_messages_lisp
[ 82%] [34m[1mGenerating C++ code from kinova_optimization/SelfCollisionQuery.srv[0m
[ 85%] [34m[1mGenerating Python code from SRV kinova_optimization/RelaxedIKSolution[0m
[ 89%] [34m[1mGenerating Python code from SRV kinova_optimization/IKSolution[0m
[ 92%] [34m[1mGenerating Python code from SRV kinova_optimization/SelfCollisionQuery[0m
[ 92%] Built target kinova_optimization_generate_messages_cpp
[ 96%] [34m[1mGenerating Python srv __init__.py for kinova_optimization[0m
[100%] [34m[1mGenerating Python msg __init__.py for kinova_optimization[0m
[100%] Built target kinova_optimization_generate_messages_py
[100%] Built target kinova_optimization_generate_messages_eus
[35m[1mScanning dependencies of target kinova_optimization_generate_messages[0m
[100%] Built target kinova_optimization_generate_messages
