[  0%] Built target _kinova_optimization_generate_messages_check_deps_SelfCollisionQuery
[  0%] Built target geometry_msgs_generate_messages_eus
[  0%] Built target _kinova_optimization_generate_messages_check_deps_RelaxedIKSolution
[  0%] Built target visualization_msgs_generate_messages_eus
[  0%] Built target std_msgs_generate_messages_eus
[  0%] Built target _kinova_optimization_generate_messages_check_deps_IKSolution
[  0%] Built target geometry_msgs_generate_messages_py
[  0%] Built target _kinova_optimization_generate_messages_check_deps_EEPoseGoals
[  0%] Built target std_msgs_generate_messages_py
[  0%] Built target _kinova_optimization_generate_messages_check_deps_JointAngles
[  0%] Built target visualization_msgs_generate_messages_py
[  0%] Built target geometry_msgs_generate_messages_lisp
[  0%] Built target std_msgs_generate_messages_lisp
[  0%] Built target visualization_msgs_generate_messages_lisp
[  0%] Built target std_msgs_generate_messages_nodejs
[  0%] Built target geometry_msgs_generate_messages_nodejs
[  0%] Built target visualization_msgs_generate_messages_cpp
[  0%] Built target visualization_msgs_generate_messages_nodejs
[  0%] Built target std_msgs_generate_messages_cpp
[  0%] Built target geometry_msgs_generate_messages_cpp
[ 21%] Built target kinova_optimization_generate_messages_eus
[ 46%] Built target kinova_optimization_generate_messages_py
[ 64%] Built target kinova_optimization_generate_messages_lisp
[ 82%] Built target kinova_optimization_generate_messages_nodejs
[100%] Built target kinova_optimization_generate_messages_cpp
[100%] Built target kinova_optimization_generate_messages
