Symlinking /home/dashingzombie/catkin_ws/devel/include/kinova_optimization/IKSolutionRequest.h
Symlinking /home/dashingzombie/catkin_ws/devel/include/kinova_optimization/RelaxedIKSolution.h
Symlinking /home/dashingzombie/catkin_ws/devel/include/kinova_optimization/RelaxedIKSolutionRequest.h
Symlinking /home/dashingzombie/catkin_ws/devel/include/kinova_optimization/IKSolutionResponse.h
Symlinking /home/dashingzombie/catkin_ws/devel/include/kinova_optimization/RelaxedIKSolutionResponse.h
Symlinking /home/dashingzombie/catkin_ws/devel/include/kinova_optimization/EEPoseGoals.h
Symlinking /home/dashingzombie/catkin_ws/devel/include/kinova_optimization/IKSolution.h
Symlinking /home/dashingzombie/catkin_ws/devel/include/kinova_optimization/SelfCollisionQuery.h
Symlinking /home/dashingzombie/catkin_ws/devel/include/kinova_optimization/JointAngles.h
Symlinking /home/dashingzombie/catkin_ws/devel/include/kinova_optimization/SelfCollisionQueryResponse.h
Symlinking /home/dashingzombie/catkin_ws/devel/include/kinova_optimization/SelfCollisionQueryRequest.h
Symlinking /home/dashingzombie/catkin_ws/devel/share/gennodejs/ros/kinova_optimization/_index.js
Symlinking /home/dashingzombie/catkin_ws/devel/share/gennodejs/ros/kinova_optimization/msg/_index.js
Symlinking /home/dashingzombie/catkin_ws/devel/share/gennodejs/ros/kinova_optimization/msg/JointAngles.js
Symlinking /home/dashingzombie/catkin_ws/devel/share/gennodejs/ros/kinova_optimization/msg/EEPoseGoals.js
Symlinking /home/dashingzombie/catkin_ws/devel/share/gennodejs/ros/kinova_optimization/srv/_index.js
Symlinking /home/dashingzombie/catkin_ws/devel/share/gennodejs/ros/kinova_optimization/srv/IKSolution.js
Symlinking /home/dashingzombie/catkin_ws/devel/share/gennodejs/ros/kinova_optimization/srv/SelfCollisionQuery.js
Symlinking /home/dashingzombie/catkin_ws/devel/share/gennodejs/ros/kinova_optimization/srv/RelaxedIKSolution.js
Symlinking /home/dashingzombie/catkin_ws/devel/share/roseus/ros/kinova_optimization/manifest.l
Symlinking /home/dashingzombie/catkin_ws/devel/share/roseus/ros/kinova_optimization/msg/JointAngles.l
Symlinking /home/dashingzombie/catkin_ws/devel/share/roseus/ros/kinova_optimization/msg/EEPoseGoals.l
Symlinking /home/dashingzombie/catkin_ws/devel/share/roseus/ros/kinova_optimization/srv/RelaxedIKSolution.l
Symlinking /home/dashingzombie/catkin_ws/devel/share/roseus/ros/kinova_optimization/srv/IKSolution.l
Symlinking /home/dashingzombie/catkin_ws/devel/share/roseus/ros/kinova_optimization/srv/SelfCollisionQuery.l
Symlinking /home/dashingzombie/catkin_ws/devel/share/common-lisp/ros/kinova_optimization/msg/kinova_optimization-msg.asd
Symlinking /home/dashingzombie/catkin_ws/devel/share/common-lisp/ros/kinova_optimization/msg/EEPoseGoals.lisp
Symlinking /home/dashingzombie/catkin_ws/devel/share/common-lisp/ros/kinova_optimization/msg/_package_EEPoseGoals.lisp
Symlinking /home/dashingzombie/catkin_ws/devel/share/common-lisp/ros/kinova_optimization/msg/_package_JointAngles.lisp
Symlinking /home/dashingzombie/catkin_ws/devel/share/common-lisp/ros/kinova_optimization/msg/_package.lisp
Symlinking /home/dashingzombie/catkin_ws/devel/share/common-lisp/ros/kinova_optimization/msg/JointAngles.lisp
Symlinking /home/dashingzombie/catkin_ws/devel/share/common-lisp/ros/kinova_optimization/srv/RelaxedIKSolution.lisp
Symlinking /home/dashingzombie/catkin_ws/devel/share/common-lisp/ros/kinova_optimization/srv/kinova_optimization-srv.asd
Symlinking /home/dashingzombie/catkin_ws/devel/share/common-lisp/ros/kinova_optimization/srv/_package_SelfCollisionQuery.lisp
Symlinking /home/dashingzombie/catkin_ws/devel/share/common-lisp/ros/kinova_optimization/srv/_package_RelaxedIKSolution.lisp
Symlinking /home/dashingzombie/catkin_ws/devel/share/common-lisp/ros/kinova_optimization/srv/SelfCollisionQuery.lisp
Symlinking /home/dashingzombie/catkin_ws/devel/share/common-lisp/ros/kinova_optimization/srv/_package.lisp
Symlinking /home/dashingzombie/catkin_ws/devel/share/common-lisp/ros/kinova_optimization/srv/IKSolution.lisp
Symlinking /home/dashingzombie/catkin_ws/devel/share/common-lisp/ros/kinova_optimization/srv/_package_IKSolution.lisp
Symlinking /home/dashingzombie/catkin_ws/devel/share/kinova_optimization/cmake/kinova_optimization-msg-extras.cmake
Symlinking /home/dashingzombie/catkin_ws/devel/share/kinova_optimization/cmake/kinova_optimizationConfig.cmake
Symlinking /home/dashingzombie/catkin_ws/devel/share/kinova_optimization/cmake/kinova_optimization-msg-paths.cmake
Symlinking /home/dashingzombie/catkin_ws/devel/share/kinova_optimization/cmake/kinova_optimizationConfig-version.cmake
Symlinking /home/dashingzombie/catkin_ws/devel/lib/python3/dist-packages/kinova_optimization/__init__.py
Symlinking /home/dashingzombie/catkin_ws/devel/lib/python3/dist-packages/kinova_optimization/msg/_JointAngles.py
Symlinking /home/dashingzombie/catkin_ws/devel/lib/python3/dist-packages/kinova_optimization/msg/_EEPoseGoals.py
Symlinking /home/dashingzombie/catkin_ws/devel/lib/python3/dist-packages/kinova_optimization/msg/__init__.py
Symlinking /home/dashingzombie/catkin_ws/devel/lib/python3/dist-packages/kinova_optimization/srv/_IKSolution.py
Symlinking /home/dashingzombie/catkin_ws/devel/lib/python3/dist-packages/kinova_optimization/srv/_RelaxedIKSolution.py
Symlinking /home/dashingzombie/catkin_ws/devel/lib/python3/dist-packages/kinova_optimization/srv/__init__.py
Symlinking /home/dashingzombie/catkin_ws/devel/lib/python3/dist-packages/kinova_optimization/srv/_SelfCollisionQuery.py
Symlinking /home/dashingzombie/catkin_ws/devel/lib/pkgconfig/kinova_optimization.pc
