Linked: (/home/dashingzombie/catkin_ws/devel/.private/relaxed_ik_ros1/include/relaxed_ik_ros1/IKSolutionRequest.h, /home/dashingzombie/catkin_ws/devel/include/relaxed_ik_ros1/IKSolutionRequest.h)
Linked: (/home/dashingzombie/catkin_ws/devel/.private/relaxed_ik_ros1/include/relaxed_ik_ros1/RelaxedIKSolution.h, /home/dashingzombie/catkin_ws/devel/include/relaxed_ik_ros1/RelaxedIKSolution.h)
Linked: (/home/dashingzombie/catkin_ws/devel/.private/relaxed_ik_ros1/include/relaxed_ik_ros1/RelaxedIKSolutionRequest.h, /home/dashingzombie/catkin_ws/devel/include/relaxed_ik_ros1/RelaxedIKSolutionRequest.h)
Linked: (/home/dashingzombie/catkin_ws/devel/.private/relaxed_ik_ros1/include/relaxed_ik_ros1/IKSolutionResponse.h, /home/dashingzombie/catkin_ws/devel/include/relaxed_ik_ros1/IKSolutionResponse.h)
Linked: (/home/dashingzombie/catkin_ws/devel/.private/relaxed_ik_ros1/include/relaxed_ik_ros1/RelaxedIKSolutionResponse.h, /home/dashingzombie/catkin_ws/devel/include/relaxed_ik_ros1/RelaxedIKSolutionResponse.h)
Linked: (/home/dashingzombie/catkin_ws/devel/.private/relaxed_ik_ros1/include/relaxed_ik_ros1/EEPoseGoals.h, /home/dashingzombie/catkin_ws/devel/include/relaxed_ik_ros1/EEPoseGoals.h)
Linked: (/home/dashingzombie/catkin_ws/devel/.private/relaxed_ik_ros1/include/relaxed_ik_ros1/IKSolution.h, /home/dashingzombie/catkin_ws/devel/include/relaxed_ik_ros1/IKSolution.h)
Linked: (/home/dashingzombie/catkin_ws/devel/.private/relaxed_ik_ros1/include/relaxed_ik_ros1/SelfCollisionQuery.h, /home/dashingzombie/catkin_ws/devel/include/relaxed_ik_ros1/SelfCollisionQuery.h)
Linked: (/home/dashingzombie/catkin_ws/devel/.private/relaxed_ik_ros1/include/relaxed_ik_ros1/JointAngles.h, /home/dashingzombie/catkin_ws/devel/include/relaxed_ik_ros1/JointAngles.h)
Linked: (/home/dashingzombie/catkin_ws/devel/.private/relaxed_ik_ros1/include/relaxed_ik_ros1/SelfCollisionQueryResponse.h, /home/dashingzombie/catkin_ws/devel/include/relaxed_ik_ros1/SelfCollisionQueryResponse.h)
Linked: (/home/dashingzombie/catkin_ws/devel/.private/relaxed_ik_ros1/include/relaxed_ik_ros1/SelfCollisionQueryRequest.h, /home/dashingzombie/catkin_ws/devel/include/relaxed_ik_ros1/SelfCollisionQueryRequest.h)
Linked: (/home/dashingzombie/catkin_ws/devel/.private/relaxed_ik_ros1/share/gennodejs/ros/relaxed_ik_ros1/_index.js, /home/dashingzombie/catkin_ws/devel/share/gennodejs/ros/relaxed_ik_ros1/_index.js)
Linked: (/home/dashingzombie/catkin_ws/devel/.private/relaxed_ik_ros1/share/gennodejs/ros/relaxed_ik_ros1/msg/_index.js, /home/dashingzombie/catkin_ws/devel/share/gennodejs/ros/relaxed_ik_ros1/msg/_index.js)
Linked: (/home/dashingzombie/catkin_ws/devel/.private/relaxed_ik_ros1/share/gennodejs/ros/relaxed_ik_ros1/msg/JointAngles.js, /home/dashingzombie/catkin_ws/devel/share/gennodejs/ros/relaxed_ik_ros1/msg/JointAngles.js)
Linked: (/home/dashingzombie/catkin_ws/devel/.private/relaxed_ik_ros1/share/gennodejs/ros/relaxed_ik_ros1/msg/EEPoseGoals.js, /home/dashingzombie/catkin_ws/devel/share/gennodejs/ros/relaxed_ik_ros1/msg/EEPoseGoals.js)
Linked: (/home/dashingzombie/catkin_ws/devel/.private/relaxed_ik_ros1/share/gennodejs/ros/relaxed_ik_ros1/srv/_index.js, /home/dashingzombie/catkin_ws/devel/share/gennodejs/ros/relaxed_ik_ros1/srv/_index.js)
Linked: (/home/dashingzombie/catkin_ws/devel/.private/relaxed_ik_ros1/share/gennodejs/ros/relaxed_ik_ros1/srv/IKSolution.js, /home/dashingzombie/catkin_ws/devel/share/gennodejs/ros/relaxed_ik_ros1/srv/IKSolution.js)
Linked: (/home/dashingzombie/catkin_ws/devel/.private/relaxed_ik_ros1/share/gennodejs/ros/relaxed_ik_ros1/srv/SelfCollisionQuery.js, /home/dashingzombie/catkin_ws/devel/share/gennodejs/ros/relaxed_ik_ros1/srv/SelfCollisionQuery.js)
Linked: (/home/dashingzombie/catkin_ws/devel/.private/relaxed_ik_ros1/share/gennodejs/ros/relaxed_ik_ros1/srv/RelaxedIKSolution.js, /home/dashingzombie/catkin_ws/devel/share/gennodejs/ros/relaxed_ik_ros1/srv/RelaxedIKSolution.js)
Linked: (/home/dashingzombie/catkin_ws/devel/.private/relaxed_ik_ros1/share/roseus/ros/relaxed_ik_ros1/manifest.l, /home/dashingzombie/catkin_ws/devel/share/roseus/ros/relaxed_ik_ros1/manifest.l)
Linked: (/home/dashingzombie/catkin_ws/devel/.private/relaxed_ik_ros1/share/roseus/ros/relaxed_ik_ros1/msg/JointAngles.l, /home/dashingzombie/catkin_ws/devel/share/roseus/ros/relaxed_ik_ros1/msg/JointAngles.l)
Linked: (/home/dashingzombie/catkin_ws/devel/.private/relaxed_ik_ros1/share/roseus/ros/relaxed_ik_ros1/msg/EEPoseGoals.l, /home/dashingzombie/catkin_ws/devel/share/roseus/ros/relaxed_ik_ros1/msg/EEPoseGoals.l)
Linked: (/home/dashingzombie/catkin_ws/devel/.private/relaxed_ik_ros1/share/roseus/ros/relaxed_ik_ros1/srv/RelaxedIKSolution.l, /home/dashingzombie/catkin_ws/devel/share/roseus/ros/relaxed_ik_ros1/srv/RelaxedIKSolution.l)
Linked: (/home/dashingzombie/catkin_ws/devel/.private/relaxed_ik_ros1/share/roseus/ros/relaxed_ik_ros1/srv/IKSolution.l, /home/dashingzombie/catkin_ws/devel/share/roseus/ros/relaxed_ik_ros1/srv/IKSolution.l)
Linked: (/home/dashingzombie/catkin_ws/devel/.private/relaxed_ik_ros1/share/roseus/ros/relaxed_ik_ros1/srv/SelfCollisionQuery.l, /home/dashingzombie/catkin_ws/devel/share/roseus/ros/relaxed_ik_ros1/srv/SelfCollisionQuery.l)
Linked: (/home/dashingzombie/catkin_ws/devel/.private/relaxed_ik_ros1/share/common-lisp/ros/relaxed_ik_ros1/msg/relaxed_ik_ros1-msg.asd, /home/dashingzombie/catkin_ws/devel/share/common-lisp/ros/relaxed_ik_ros1/msg/relaxed_ik_ros1-msg.asd)
Linked: (/home/dashingzombie/catkin_ws/devel/.private/relaxed_ik_ros1/share/common-lisp/ros/relaxed_ik_ros1/msg/EEPoseGoals.lisp, /home/dashingzombie/catkin_ws/devel/share/common-lisp/ros/relaxed_ik_ros1/msg/EEPoseGoals.lisp)
Linked: (/home/dashingzombie/catkin_ws/devel/.private/relaxed_ik_ros1/share/common-lisp/ros/relaxed_ik_ros1/msg/_package_EEPoseGoals.lisp, /home/dashingzombie/catkin_ws/devel/share/common-lisp/ros/relaxed_ik_ros1/msg/_package_EEPoseGoals.lisp)
Linked: (/home/dashingzombie/catkin_ws/devel/.private/relaxed_ik_ros1/share/common-lisp/ros/relaxed_ik_ros1/msg/_package_JointAngles.lisp, /home/dashingzombie/catkin_ws/devel/share/common-lisp/ros/relaxed_ik_ros1/msg/_package_JointAngles.lisp)
Linked: (/home/dashingzombie/catkin_ws/devel/.private/relaxed_ik_ros1/share/common-lisp/ros/relaxed_ik_ros1/msg/_package.lisp, /home/dashingzombie/catkin_ws/devel/share/common-lisp/ros/relaxed_ik_ros1/msg/_package.lisp)
Linked: (/home/dashingzombie/catkin_ws/devel/.private/relaxed_ik_ros1/share/common-lisp/ros/relaxed_ik_ros1/msg/JointAngles.lisp, /home/dashingzombie/catkin_ws/devel/share/common-lisp/ros/relaxed_ik_ros1/msg/JointAngles.lisp)
Linked: (/home/dashingzombie/catkin_ws/devel/.private/relaxed_ik_ros1/share/common-lisp/ros/relaxed_ik_ros1/srv/RelaxedIKSolution.lisp, /home/dashingzombie/catkin_ws/devel/share/common-lisp/ros/relaxed_ik_ros1/srv/RelaxedIKSolution.lisp)
Linked: (/home/dashingzombie/catkin_ws/devel/.private/relaxed_ik_ros1/share/common-lisp/ros/relaxed_ik_ros1/srv/_package_SelfCollisionQuery.lisp, /home/dashingzombie/catkin_ws/devel/share/common-lisp/ros/relaxed_ik_ros1/srv/_package_SelfCollisionQuery.lisp)
Linked: (/home/dashingzombie/catkin_ws/devel/.private/relaxed_ik_ros1/share/common-lisp/ros/relaxed_ik_ros1/srv/relaxed_ik_ros1-srv.asd, /home/dashingzombie/catkin_ws/devel/share/common-lisp/ros/relaxed_ik_ros1/srv/relaxed_ik_ros1-srv.asd)
Linked: (/home/dashingzombie/catkin_ws/devel/.private/relaxed_ik_ros1/share/common-lisp/ros/relaxed_ik_ros1/srv/_package_RelaxedIKSolution.lisp, /home/dashingzombie/catkin_ws/devel/share/common-lisp/ros/relaxed_ik_ros1/srv/_package_RelaxedIKSolution.lisp)
Linked: (/home/dashingzombie/catkin_ws/devel/.private/relaxed_ik_ros1/share/common-lisp/ros/relaxed_ik_ros1/srv/SelfCollisionQuery.lisp, /home/dashingzombie/catkin_ws/devel/share/common-lisp/ros/relaxed_ik_ros1/srv/SelfCollisionQuery.lisp)
Linked: (/home/dashingzombie/catkin_ws/devel/.private/relaxed_ik_ros1/share/common-lisp/ros/relaxed_ik_ros1/srv/_package.lisp, /home/dashingzombie/catkin_ws/devel/share/common-lisp/ros/relaxed_ik_ros1/srv/_package.lisp)
Linked: (/home/dashingzombie/catkin_ws/devel/.private/relaxed_ik_ros1/share/common-lisp/ros/relaxed_ik_ros1/srv/IKSolution.lisp, /home/dashingzombie/catkin_ws/devel/share/common-lisp/ros/relaxed_ik_ros1/srv/IKSolution.lisp)
Linked: (/home/dashingzombie/catkin_ws/devel/.private/relaxed_ik_ros1/share/common-lisp/ros/relaxed_ik_ros1/srv/_package_IKSolution.lisp, /home/dashingzombie/catkin_ws/devel/share/common-lisp/ros/relaxed_ik_ros1/srv/_package_IKSolution.lisp)
Linked: (/home/dashingzombie/catkin_ws/devel/.private/relaxed_ik_ros1/share/relaxed_ik_ros1/cmake/relaxed_ik_ros1Config.cmake, /home/dashingzombie/catkin_ws/devel/share/relaxed_ik_ros1/cmake/relaxed_ik_ros1Config.cmake)
Linked: (/home/dashingzombie/catkin_ws/devel/.private/relaxed_ik_ros1/share/relaxed_ik_ros1/cmake/relaxed_ik_ros1Config-version.cmake, /home/dashingzombie/catkin_ws/devel/share/relaxed_ik_ros1/cmake/relaxed_ik_ros1Config-version.cmake)
Linked: (/home/dashingzombie/catkin_ws/devel/.private/relaxed_ik_ros1/share/relaxed_ik_ros1/cmake/relaxed_ik_ros1-msg-extras.cmake, /home/dashingzombie/catkin_ws/devel/share/relaxed_ik_ros1/cmake/relaxed_ik_ros1-msg-extras.cmake)
Linked: (/home/dashingzombie/catkin_ws/devel/.private/relaxed_ik_ros1/share/relaxed_ik_ros1/cmake/relaxed_ik_ros1-msg-paths.cmake, /home/dashingzombie/catkin_ws/devel/share/relaxed_ik_ros1/cmake/relaxed_ik_ros1-msg-paths.cmake)
Linked: (/home/dashingzombie/catkin_ws/devel/.private/relaxed_ik_ros1/lib/python3/dist-packages/relaxed_ik_ros1/__init__.py, /home/dashingzombie/catkin_ws/devel/lib/python3/dist-packages/relaxed_ik_ros1/__init__.py)
Linked: (/home/dashingzombie/catkin_ws/devel/.private/relaxed_ik_ros1/lib/python3/dist-packages/relaxed_ik_ros1/msg/_JointAngles.py, /home/dashingzombie/catkin_ws/devel/lib/python3/dist-packages/relaxed_ik_ros1/msg/_JointAngles.py)
Linked: (/home/dashingzombie/catkin_ws/devel/.private/relaxed_ik_ros1/lib/python3/dist-packages/relaxed_ik_ros1/msg/_EEPoseGoals.py, /home/dashingzombie/catkin_ws/devel/lib/python3/dist-packages/relaxed_ik_ros1/msg/_EEPoseGoals.py)
Linked: (/home/dashingzombie/catkin_ws/devel/.private/relaxed_ik_ros1/lib/python3/dist-packages/relaxed_ik_ros1/msg/__init__.py, /home/dashingzombie/catkin_ws/devel/lib/python3/dist-packages/relaxed_ik_ros1/msg/__init__.py)
Linked: (/home/dashingzombie/catkin_ws/devel/.private/relaxed_ik_ros1/lib/python3/dist-packages/relaxed_ik_ros1/srv/_IKSolution.py, /home/dashingzombie/catkin_ws/devel/lib/python3/dist-packages/relaxed_ik_ros1/srv/_IKSolution.py)
Linked: (/home/dashingzombie/catkin_ws/devel/.private/relaxed_ik_ros1/lib/python3/dist-packages/relaxed_ik_ros1/srv/_RelaxedIKSolution.py, /home/dashingzombie/catkin_ws/devel/lib/python3/dist-packages/relaxed_ik_ros1/srv/_RelaxedIKSolution.py)
Linked: (/home/dashingzombie/catkin_ws/devel/.private/relaxed_ik_ros1/lib/python3/dist-packages/relaxed_ik_ros1/srv/__init__.py, /home/dashingzombie/catkin_ws/devel/lib/python3/dist-packages/relaxed_ik_ros1/srv/__init__.py)
Linked: (/home/dashingzombie/catkin_ws/devel/.private/relaxed_ik_ros1/lib/python3/dist-packages/relaxed_ik_ros1/srv/_SelfCollisionQuery.py, /home/dashingzombie/catkin_ws/devel/lib/python3/dist-packages/relaxed_ik_ros1/srv/_SelfCollisionQuery.py)
Linked: (/home/dashingzombie/catkin_ws/devel/.private/relaxed_ik_ros1/lib/pkgconfig/relaxed_ik_ros1.pc, /home/dashingzombie/catkin_ws/devel/lib/pkgconfig/relaxed_ik_ros1.pc)
