[  0%] Built target geometry_msgs_generate_messages_eus
[  0%] Built target _relaxed_ik_ros1_generate_messages_check_deps_RelaxedIKSolution
[  0%] Built target _relaxed_ik_ros1_generate_messages_check_deps_SelfCollisionQuery
[  0%] Built target _relaxed_ik_ros1_generate_messages_check_deps_JointAngles
[  0%] Built target visualization_msgs_generate_messages_eus
[  0%] Built target _relaxed_ik_ros1_generate_messages_check_deps_IKSolution
[  0%] Built target std_msgs_generate_messages_eus
[  0%] Built target _relaxed_ik_ros1_generate_messages_check_deps_EEPoseGoals
[  0%] Built target geometry_msgs_generate_messages_py
[  0%] Built target std_msgs_generate_messages_py
[  0%] Built target visualization_msgs_generate_messages_py
[  0%] Built target std_msgs_generate_messages_nodejs
[  0%] Built target geometry_msgs_generate_messages_nodejs
[  0%] Built target visualization_msgs_generate_messages_nodejs
[  0%] Built target geometry_msgs_generate_messages_lisp
[  0%] Built target std_msgs_generate_messages_lisp
[  0%] Built target visualization_msgs_generate_messages_lisp
[  0%] Built target visualization_msgs_generate_messages_cpp
[  0%] Built target std_msgs_generate_messages_cpp
[  0%] Built target geometry_msgs_generate_messages_cpp
[ 21%] Built target relaxed_ik_ros1_generate_messages_eus
[ 46%] Built target relaxed_ik_ros1_generate_messages_py
[ 64%] Built target relaxed_ik_ros1_generate_messages_nodejs
[ 82%] Built target relaxed_ik_ros1_generate_messages_lisp
[100%] Built target relaxed_ik_ros1_generate_messages_cpp
[100%] Built target relaxed_ik_ros1_generate_messages
