Symlinking /home/dashingzombie/catkin_ws/devel/include/relaxed_ik_ros1/IKSolutionRequest.h
Symlinking /home/dashingzombie/catkin_ws/devel/include/relaxed_ik_ros1/RelaxedIKSolution.h
Symlinking /home/dashingzombie/catkin_ws/devel/include/relaxed_ik_ros1/RelaxedIKSolutionRequest.h
Symlinking /home/dashingzombie/catkin_ws/devel/include/relaxed_ik_ros1/IKSolutionResponse.h
Symlinking /home/dashingzombie/catkin_ws/devel/include/relaxed_ik_ros1/RelaxedIKSolutionResponse.h
Symlinking /home/dashingzombie/catkin_ws/devel/include/relaxed_ik_ros1/EEPoseGoals.h
Symlinking /home/dashingzombie/catkin_ws/devel/include/relaxed_ik_ros1/IKSolution.h
Symlinking /home/dashingzombie/catkin_ws/devel/include/relaxed_ik_ros1/SelfCollisionQuery.h
Symlinking /home/dashingzombie/catkin_ws/devel/include/relaxed_ik_ros1/JointAngles.h
Symlinking /home/dashingzombie/catkin_ws/devel/include/relaxed_ik_ros1/SelfCollisionQueryResponse.h
Symlinking /home/dashingzombie/catkin_ws/devel/include/relaxed_ik_ros1/SelfCollisionQueryRequest.h
Symlinking /home/dashingzombie/catkin_ws/devel/share/gennodejs/ros/relaxed_ik_ros1/_index.js
Symlinking /home/dashingzombie/catkin_ws/devel/share/gennodejs/ros/relaxed_ik_ros1/msg/_index.js
Symlinking /home/dashingzombie/catkin_ws/devel/share/gennodejs/ros/relaxed_ik_ros1/msg/JointAngles.js
Symlinking /home/dashingzombie/catkin_ws/devel/share/gennodejs/ros/relaxed_ik_ros1/msg/EEPoseGoals.js
Symlinking /home/dashingzombie/catkin_ws/devel/share/gennodejs/ros/relaxed_ik_ros1/srv/_index.js
Symlinking /home/dashingzombie/catkin_ws/devel/share/gennodejs/ros/relaxed_ik_ros1/srv/IKSolution.js
Symlinking /home/dashingzombie/catkin_ws/devel/share/gennodejs/ros/relaxed_ik_ros1/srv/SelfCollisionQuery.js
Symlinking /home/dashingzombie/catkin_ws/devel/share/gennodejs/ros/relaxed_ik_ros1/srv/RelaxedIKSolution.js
Symlinking /home/dashingzombie/catkin_ws/devel/share/roseus/ros/relaxed_ik_ros1/manifest.l
Symlinking /home/dashingzombie/catkin_ws/devel/share/roseus/ros/relaxed_ik_ros1/msg/JointAngles.l
Symlinking /home/dashingzombie/catkin_ws/devel/share/roseus/ros/relaxed_ik_ros1/msg/EEPoseGoals.l
Symlinking /home/dashingzombie/catkin_ws/devel/share/roseus/ros/relaxed_ik_ros1/srv/RelaxedIKSolution.l
Symlinking /home/dashingzombie/catkin_ws/devel/share/roseus/ros/relaxed_ik_ros1/srv/IKSolution.l
Symlinking /home/dashingzombie/catkin_ws/devel/share/roseus/ros/relaxed_ik_ros1/srv/SelfCollisionQuery.l
Symlinking /home/dashingzombie/catkin_ws/devel/share/common-lisp/ros/relaxed_ik_ros1/msg/relaxed_ik_ros1-msg.asd
Symlinking /home/dashingzombie/catkin_ws/devel/share/common-lisp/ros/relaxed_ik_ros1/msg/EEPoseGoals.lisp
Symlinking /home/dashingzombie/catkin_ws/devel/share/common-lisp/ros/relaxed_ik_ros1/msg/_package_EEPoseGoals.lisp
Symlinking /home/dashingzombie/catkin_ws/devel/share/common-lisp/ros/relaxed_ik_ros1/msg/_package_JointAngles.lisp
Symlinking /home/dashingzombie/catkin_ws/devel/share/common-lisp/ros/relaxed_ik_ros1/msg/_package.lisp
Symlinking /home/dashingzombie/catkin_ws/devel/share/common-lisp/ros/relaxed_ik_ros1/msg/JointAngles.lisp
Symlinking /home/dashingzombie/catkin_ws/devel/share/common-lisp/ros/relaxed_ik_ros1/srv/RelaxedIKSolution.lisp
Symlinking /home/dashingzombie/catkin_ws/devel/share/common-lisp/ros/relaxed_ik_ros1/srv/_package_SelfCollisionQuery.lisp
Symlinking /home/dashingzombie/catkin_ws/devel/share/common-lisp/ros/relaxed_ik_ros1/srv/relaxed_ik_ros1-srv.asd
Symlinking /home/dashingzombie/catkin_ws/devel/share/common-lisp/ros/relaxed_ik_ros1/srv/_package_RelaxedIKSolution.lisp
Symlinking /home/dashingzombie/catkin_ws/devel/share/common-lisp/ros/relaxed_ik_ros1/srv/SelfCollisionQuery.lisp
Symlinking /home/dashingzombie/catkin_ws/devel/share/common-lisp/ros/relaxed_ik_ros1/srv/_package.lisp
Symlinking /home/dashingzombie/catkin_ws/devel/share/common-lisp/ros/relaxed_ik_ros1/srv/IKSolution.lisp
Symlinking /home/dashingzombie/catkin_ws/devel/share/common-lisp/ros/relaxed_ik_ros1/srv/_package_IKSolution.lisp
Symlinking /home/dashingzombie/catkin_ws/devel/share/relaxed_ik_ros1/cmake/relaxed_ik_ros1Config.cmake
Symlinking /home/dashingzombie/catkin_ws/devel/share/relaxed_ik_ros1/cmake/relaxed_ik_ros1Config-version.cmake
Symlinking /home/dashingzombie/catkin_ws/devel/share/relaxed_ik_ros1/cmake/relaxed_ik_ros1-msg-extras.cmake
Symlinking /home/dashingzombie/catkin_ws/devel/share/relaxed_ik_ros1/cmake/relaxed_ik_ros1-msg-paths.cmake
Symlinking /home/dashingzombie/catkin_ws/devel/lib/python3/dist-packages/relaxed_ik_ros1/__init__.py
Symlinking /home/dashingzombie/catkin_ws/devel/lib/python3/dist-packages/relaxed_ik_ros1/msg/_JointAngles.py
Symlinking /home/dashingzombie/catkin_ws/devel/lib/python3/dist-packages/relaxed_ik_ros1/msg/_EEPoseGoals.py
Symlinking /home/dashingzombie/catkin_ws/devel/lib/python3/dist-packages/relaxed_ik_ros1/msg/__init__.py
Symlinking /home/dashingzombie/catkin_ws/devel/lib/python3/dist-packages/relaxed_ik_ros1/srv/_IKSolution.py
Symlinking /home/dashingzombie/catkin_ws/devel/lib/python3/dist-packages/relaxed_ik_ros1/srv/_RelaxedIKSolution.py
Symlinking /home/dashingzombie/catkin_ws/devel/lib/python3/dist-packages/relaxed_ik_ros1/srv/__init__.py
Symlinking /home/dashingzombie/catkin_ws/devel/lib/python3/dist-packages/relaxed_ik_ros1/srv/_SelfCollisionQuery.py
Symlinking /home/dashingzombie/catkin_ws/devel/lib/pkgconfig/relaxed_ik_ros1.pc
